<?xml version="1.0" encoding="UTF-8"?>
<testsuite xmlns:xsi="http://www.w3.org/2001/XMLSchema-instance" xsi:noNamespaceSchemaLocation="https://maven.apache.org/surefire/maven-surefire-plugin/xsd/surefire-test-report.xsd" name="com.talentica.tweetsproducerkafka.AppTest" time="0.029" tests="1" errors="0" skipped="0" failures="0">
  <properties>
    <property name="java.specification.version" value="17"/>
    <property name="sun.cpu.isalist" value="amd64"/>
    <property name="sun.jnu.encoding" value="Cp1252"/>
    <property name="java.class.path" value="C:\Users\maqsooda\eclipse-workspace\TweetsSentimentAnalysis_DataEngineeringPipeline\TweetsProducerKafka\target\test-classes;C:\Users\maqsooda\eclipse-workspace\TweetsSentimentAnalysis_DataEngineeringPipeline\TweetsProducerKafka\target\classes;C:\Users\maqsooda\.m2\repository\junit\junit\4.11\junit-4.11.jar;C:\Users\maqsooda\.m2\repository\org\hamcrest\hamcrest-core\1.3\hamcrest-core-1.3.jar;C:\Users\maqsooda\.m2\repository\org\apache\httpcomponents\httpclient\4.5.13\httpclient-4.5.13.jar;C:\Users\maqsooda\.m2\repository\org\apache\httpcomponents\httpcore\4.4.13\httpcore-4.4.13.jar;C:\Users\maqsooda\.m2\repository\commons-logging\commons-logging\1.2\commons-logging-1.2.jar;C:\Users\maqsooda\.m2\repository\commons-codec\commons-codec\1.11\commons-codec-1.11.jar;C:\Users\maqsooda\.m2\repository\org\json\json\20220924\json-20220924.jar;C:\Users\maqsooda\.m2\repository\org\apache\kafka\kafka-clients\0.10.0.1\kafka-clients-0.10.0.1.jar;C:\Users\maqsooda\.m2\repository\net\jpountz\lz4\lz4\1.3.0\lz4-1.3.0.jar;C:\Users\maqsooda\.m2\repository\org\xerial\snappy\snappy-java\1.1.2.6\snappy-java-1.1.2.6.jar;C:\Users\maqsooda\.m2\repository\org\slf4j\slf4j-api\1.7.21\slf4j-api-1.7.21.jar;"/>
    <property name="java.vm.vendor" value="Eclipse Adoptium"/>
    <property name="sun.arch.data.model" value="64"/>
    <property name="user.variant" value=""/>
    <property name="java.vendor.url" value="https://adoptium.net/"/>
    <property name="user.timezone" value="Asia/Calcutta"/>
    <property name="os.name" value="Windows 10"/>
    <property name="java.vm.specification.version" value="17"/>
    <property name="sun.java.launcher" value="SUN_STANDARD"/>
    <property name="user.country" value="IN"/>
    <property name="sun.boot.library.path" value="C:\Users\maqsooda\.p2\pool\plugins\org.eclipse.justj.openjdk.hotspot.jre.full.win32.x86_64_17.0.4.v20220805-1047\jre\bin"/>
    <property name="sun.java.command" value="C:\Users\maqsooda\AppData\Local\Temp\surefire6510179350554290873\surefirebooter12415482167566585805.jar C:\Users\maqsooda\AppData\Local\Temp\surefire6510179350554290873 2022-11-28T21-05-56_755-jvmRun1 surefire17254461358176959302tmp surefire_01725984993816014558tmp"/>
    <property name="jdk.debug" value="release"/>
    <property name="surefire.test.class.path" value="C:\Users\maqsooda\eclipse-workspace\TweetsSentimentAnalysis_DataEngineeringPipeline\TweetsProducerKafka\target\test-classes;C:\Users\maqsooda\eclipse-workspace\TweetsSentimentAnalysis_DataEngineeringPipeline\TweetsProducerKafka\target\classes;C:\Users\maqsooda\.m2\repository\junit\junit\4.11\junit-4.11.jar;C:\Users\maqsooda\.m2\repository\org\hamcrest\hamcrest-core\1.3\hamcrest-core-1.3.jar;C:\Users\maqsooda\.m2\repository\org\apache\httpcomponents\httpclient\4.5.13\httpclient-4.5.13.jar;C:\Users\maqsooda\.m2\repository\org\apache\httpcomponents\httpcore\4.4.13\httpcore-4.4.13.jar;C:\Users\maqsooda\.m2\repository\commons-logging\commons-logging\1.2\commons-logging-1.2.jar;C:\Users\maqsooda\.m2\repository\commons-codec\commons-codec\1.11\commons-codec-1.11.jar;C:\Users\maqsooda\.m2\repository\org\json\json\20220924\json-20220924.jar;C:\Users\maqsooda\.m2\repository\org\apache\kafka\kafka-clients\0.10.0.1\kafka-clients-0.10.0.1.jar;C:\Users\maqsooda\.m2\repository\net\jpountz\lz4\lz4\1.3.0\lz4-1.3.0.jar;C:\Users\maqsooda\.m2\repository\org\xerial\snappy\snappy-java\1.1.2.6\snappy-java-1.1.2.6.jar;C:\Users\maqsooda\.m2\repository\org\slf4j\slf4j-api\1.7.21\slf4j-api-1.7.21.jar;"/>
    <property name="sun.cpu.endian" value="little"/>
    <property name="user.home" value="C:\Users\maqsooda"/>
    <property name="user.language" value="en"/>
    <property name="java.specification.vendor" value="Oracle Corporation"/>
    <property name="java.version.date" value="2022-07-19"/>
    <property name="java.home" value="C:\Users\maqsooda\.p2\pool\plugins\org.eclipse.justj.openjdk.hotspot.jre.full.win32.x86_64_17.0.4.v20220805-1047\jre"/>
    <property name="file.separator" value="\"/>
    <property name="basedir" value="C:\Users\maqsooda\eclipse-workspace\TweetsSentimentAnalysis_DataEngineeringPipeline\TweetsProducerKafka"/>
    <property name="java.vm.compressedOopsMode" value="Zero based"/>
    <property name="line.separator" value="&#10;"/>
    <property name="java.vm.specification.vendor" value="Oracle Corporation"/>
    <property name="java.specification.name" value="Java Platform API Specification"/>
    <property name="surefire.real.class.path" value="C:\Users\maqsooda\AppData\Local\Temp\surefire6510179350554290873\surefirebooter12415482167566585805.jar"/>
    <property name="user.script" value=""/>
    <property name="sun.management.compiler" value="HotSpot 64-Bit Tiered Compilers"/>
    <property name="java.runtime.version" value="17.0.4+8"/>
    <property name="user.name" value="MaqsoodA"/>
    <property name="path.separator" value=";"/>
    <property name="os.version" value="10.0"/>
    <property name="java.runtime.name" value="OpenJDK Runtime Environment"/>
    <property name="file.encoding" value="Cp1252"/>
    <property name="java.vm.name" value="OpenJDK 64-Bit Server VM"/>
    <property name="java.vendor.version" value="Temurin-17.0.4+8"/>
    <property name="localRepository" value="C:\Users\maqsooda\.m2\repository"/>
    <property name="java.vendor.url.bug" value="https://github.com/adoptium/adoptium-support/issues"/>
    <property name="java.io.tmpdir" value="C:\Users\maqsooda\AppData\Local\Temp\"/>
    <property name="java.version" value="17.0.4"/>
    <property name="user.dir" value="C:\Users\maqsooda\eclipse-workspace\TweetsSentimentAnalysis_DataEngineeringPipeline\TweetsProducerKafka"/>
    <property name="os.arch" value="amd64"/>
    <property name="java.vm.specification.name" value="Java Virtual Machine Specification"/>
    <property name="sun.os.patch.level" value=""/>
    <property name="native.encoding" value="Cp1252"/>
    <property name="java.library.path" value="C:\Users\maqsooda\.p2\pool\plugins\org.eclipse.justj.openjdk.hotspot.jre.full.win32.x86_64_17.0.4.v20220805-1047\jre\bin;C:\Windows\Sun\Java\bin;C:\Windows\system32;C:\Windows;C:/Users/maqsooda/.p2/pool/plugins/org.eclipse.justj.openjdk.hotspot.jre.full.win32.x86_64_17.0.4.v20220805-1047/jre/bin/server;C:/Users/maqsooda/.p2/pool/plugins/org.eclipse.justj.openjdk.hotspot.jre.full.win32.x86_64_17.0.4.v20220805-1047/jre/bin;C:\Windows\system32;C:\Windows;C:\Windows\System32\Wbem;C:\Windows\System32\WindowsPowerShell\v1.0\;C:\Windows\System32\OpenSSH\;C:\Program Files\Git\cmd;C:\Users\maqsooda\AppData\Local\Programs\Python\Python310\Scripts\;C:\Users\maqsooda\AppData\Local\Programs\Python\Python310\;C:\Users\maqsooda\AppData\Local\Microsoft\WindowsApps;C:\Program Files\PostgreSQL\14\bin;C:\Program Files\jdk-18.0.2.1\bin;C:\Spark\bin;C:\Hadoop\bin;%CATALINA_HOME%\bin;C:\apache-zookeeper-3.7.1-bin\bin;;C:\Windows\system32;;."/>
    <property name="java.vm.info" value="mixed mode"/>
    <property name="java.vendor" value="Eclipse Adoptium"/>
    <property name="java.vm.version" value="17.0.4+8"/>
    <property name="sun.io.unicode.encoding" value="UnicodeLittle"/>
    <property name="java.class.version" value="61.0"/>
  </properties>
  <testcase name="shouldAnswerWithTrue" classname="com.talentica.tweetsproducerkafka.AppTest" time="0.002"/>
</testsuite>